Mono path[0] = 'C:/Dev/Forever engine/Builds/ShatteredKingdom/ShatteredKingdom_Data/Managed'
Mono config path = 'C:/Dev/Forever engine/Builds/ShatteredKingdom/MonoBleedingEdge/etc'
CodeReloadManager initialized
Input System module state changed to: Initialized.
[Physics::Module] Initialized fallback backend.
[Physics::Module] Id: 0xdecafbad
Initialize engine version: 6000.4.1f1 (8535861f39e1)
[Subsystems] Discovering subsystems at path C:/Dev/Forever engine/Builds/ShatteredKingdom/ShatteredKingdom_Data/UnitySubsystems
[D3D12 Device Filter] Vendor Name: NVIDIA
[D3D12 Device Filter] Device Name: NVIDIA GeForce RTX 5090
[D3D12 Device Filter] Driver Version: 32.0.15.9597
[D3D12 Device Filter] Feature Level: 12.2
[D3D12 Device Filter] Graphics Memory: 32187 MB
[D3D12 Device Filter] Processor Count: 8
[D3D12 Device Filter] Device Type: Discrete
GfxDevice: creating device client; kGfxThreadingModeSplitJobs
d3d12: failed to query info queue interface (0x80004002).
Direct3D:
    Version:         Direct3D 12 [level 12.2]
    Renderer:        NVIDIA GeForce RTX 5090 (ID=0x2b85)
    Vendor:          NVIDIA
    VRAM:            32187 MB
    App VRAM Budget: 31419 MB
    Driver:          32.0.15.9597
Begin MonoManager ReloadAssembly
- Finished resetting the current domain, in  0.002 seconds
[Physics::Module] Selected backend.
[Physics::Module] Name: PhysX
[Physics::Module] Id: 0xf2b8ea05
[Physics::Module] SDK Version: 4.1.2
[Physics::Module] Integration Version: 1.0.0
[Physics::Module] Threading Mode: Multi-Threaded
<RI> Initializing input.
Using Windows.Gaming.Input
<RI> Input initialized.
Direct3D: detected that using refresh rate causes time drift. Will stop trusting refresh rate until the game window is moved.
Direct3D: detected that vsync is broken (it does not limit frame rate properly). Delta time will now be calculated using cpu-side time stampling until the game window is moved.
UnloadTime: 1.152100 ms
[ConnectionManager] PlayerToken=player_800 Host=192.168.1.110 Port=7900
[NetworkClient] Connected to 192.168.1.110:7900
[ConnectionManager] Connected — sending LoginRequest.
[ConnectionManager] Logged in as player 'player_800'.
[Party] Update: 1 members, leader=player_800
[ConnectionManager] Auto-bootstrapped VoxelWorldManager; no scene-placed instance found.
[GameManager] Connected and logged in.
[ClientBoot] Logged in — auto-starting Human Warrior (placeholder).
Unloading 6 Unused Serialized files (Serialized files now loaded: 0)
UnloadTime: 0.634600 ms
Unloading 4 unused Assets to reduce memory usage. Loaded Objects now: 5330.
Total: 3.657100 ms (FindLiveObjects: 0.166400 ms CreateObjectMapping: 0.049500 ms MarkObjects: 3.433100 ms  DeleteObjects: 0.008000 ms)

[WorldBootstrap] Display: native=3440x1440 @ 174.96Hz, currentMode=FullScreenWindow, vsync=0, targetFPS=-1
[WorldBootstrap] Server mode — waiting for server to stream spawn chunk.
[AtmosphereSetup] Post-processing volume created
[AtmosphereSetup] Skybox configured
[AtmosphereSetup] Fog enabled
[AtmosphereSetup] Lighting configured
[ConnectionManager] Flushed 121 buffered chunk(s) to ChunkManager.
[ConnectionManager] Auto-bootstrapped VoxelWorldManager; no scene-placed instance found.
[GRASS-DIAG] Chunk setup: 3000 instances, mesh=grass_01_1, mat=M_grass_01, supportsInstancing=True
[ChunkManager] Server chunk loaded: (-5,-5) biome=Savanna
[WorldBootstrap] Spawn chunk (0,0) not yet received; waiting...
[GRASS-DIAG] Chunk setup: 3000 instances, mesh=grass_01_1, mat=M_grass_01, supportsInstancing=True
[ChunkManager] Server chunk loaded: (-5,-4) biome=Savanna
[GRASS-DIAG] Chunk setup: 3000 instances, mesh=grass_01_1, mat=M_grass_01, supportsInstancing=True
[ChunkManager] Server chunk loaded: (-5,-3) biome=Savanna
[ChunkManager] Server chunk loaded: (-5,-2) biome=Desert
[ChunkManager] Server chunk loaded: (-5,-1) biome=Desert
[ChunkManager] Server chunk loaded: (-5,0) biome=Desert
[ChunkManager] Server chunk loaded: (-5,1) biome=Desert
[ChunkManager] Server chunk loaded: (-5,2) biome=Desert
[ChunkManager] Server chunk loaded: (-5,3) biome=Desert
[ChunkManager] Server chunk loaded: (-5,4) biome=Desert
[ChunkManager] Server chunk loaded: (-5,5) biome=Desert
[GRASS-DIAG] Chunk setup: 3000 instances, mesh=grass_01_1, mat=M_grass_01, supportsInstancing=True
[ChunkManager] Server chunk loaded: (-4,-5) biome=Savanna
[GRASS-DIAG] Chunk setup: 3000 instances, mesh=grass_01_1, mat=M_grass_01, supportsInstancing=True
[ChunkManager] Server chunk loaded: (-4,-4) biome=Savanna
[GRASS-DIAG] Chunk setup: 3000 instances, mesh=grass_01_1, mat=M_grass_01, supportsInstancing=True
[ChunkManager] Server chunk loaded: (-4,-3) biome=Savanna
[GRASS-DIAG] Chunk setup: 3000 instances, mesh=grass_01_1, mat=M_grass_01, supportsInstancing=True
[ChunkManager] Server chunk loaded: (-4,-2) biome=Savanna
[ChunkManager] Server chunk loaded: (-4,-1) biome=Desert
[ChunkManager] Server chunk loaded: (-4,0) biome=Desert
[ChunkManager] Server chunk loaded: (-4,1) biome=Desert
[ChunkManager] Server chunk loaded: (-4,2) biome=Desert
[ChunkManager] Server chunk loaded: (-4,3) biome=Desert
[ChunkManager] Server chunk loaded: (-4,4) biome=Desert
[ChunkManager] Server chunk loaded: (-4,5) biome=Desert
[GRASS-DIAG] Chunk setup: 3000 instances, mesh=grass_01_1, mat=M_grass_01, supportsInstancing=True
[ChunkManager] Server chunk loaded: (-3,-5) biome=Savanna
[GRASS-DIAG] Chunk setup: 3000 instances, mesh=grass_01_1, mat=M_grass_01, supportsInstancing=True
[ChunkManager] Server chunk loaded: (-3,-4) biome=Savanna
[GRASS-DIAG] Chunk setup: 3000 instances, mesh=grass_01_1, mat=M_grass_01, supportsInstancing=True
[ChunkManager] Server chunk loaded: (-3,-3) biome=Savanna
[GRASS-DIAG] Chunk setup: 3000 instances, mesh=grass_01_1, mat=M_grass_01, supportsInstancing=True
[ChunkManager] Server chunk loaded: (-3,-2) biome=Savanna
[GRASS-DIAG] Chunk setup: 3000 instances, mesh=grass_01_1, mat=M_grass_01, supportsInstancing=True
[ChunkManager] Server chunk loaded: (-3,-1) biome=Savanna
[ChunkManager] Server chunk loaded: (-3,0) biome=Desert
[ChunkManager] Server chunk loaded: (-3,1) biome=Desert
[ChunkManager] Server chunk loaded: (-3,2) biome=Desert
[ChunkManager] Server chunk loaded: (-3,3) biome=Desert
[ChunkManager] Server chunk loaded: (-3,4) biome=Desert
[ChunkManager] Server chunk loaded: (-3,5) biome=Desert
[GRASS-DIAG] Chunk setup: 3000 instances, mesh=grass_01_1, mat=M_grass_01, supportsInstancing=True
[ChunkManager] Server chunk loaded: (-2,-5) biome=Savanna
[GRASS-DIAG] Chunk setup: 3000 instances, mesh=grass_01_1, mat=M_grass_01, supportsInstancing=True
[ChunkManager] Server chunk loaded: (-2,-4) biome=Savanna
[GRASS-DIAG] Chunk setup: 3000 instances, mesh=grass_01_1, mat=M_grass_01, supportsInstancing=True
[ChunkManager] Server chunk loaded: (-2,-3) biome=Savanna
[GRASS-DIAG] Chunk setup: 3000 instances, mesh=grass_01_1, mat=M_grass_01, supportsInstancing=True
[ChunkManager] Server chunk loaded: (-2,-2) biome=Savanna
[GRASS-DIAG] Chunk setup: 3000 instances, mesh=grass_01_1, mat=M_grass_01, supportsInstancing=True
[ChunkManager] Server chunk loaded: (-2,-1) biome=Savanna
[GRASS-DIAG] Chunk setup: 3000 instances, mesh=grass_01_1, mat=M_grass_01, supportsInstancing=True
[ChunkManager] Server chunk loaded: (-2,0) biome=Savanna
[ChunkManager] Server chunk loaded: (-2,1) biome=Desert
[ChunkManager] Server chunk loaded: (-2,2) biome=Desert
[ChunkManager] Server chunk loaded: (-2,3) biome=Desert
[ChunkManager] Server chunk loaded: (-2,4) biome=Desert
[ChunkManager] Server chunk loaded: (-2,5) biome=Desert
[GRASS-DIAG] Chunk setup: 3000 instances, mesh=grass_01_1, mat=M_grass_01, supportsInstancing=True
[ChunkManager] Server chunk loaded: (-1,-5) biome=Savanna
[GRASS-DIAG] Chunk setup: 3000 instances, mesh=grass_01_1, mat=M_grass_01, supportsInstancing=True
[ChunkManager] Server chunk loaded: (-1,-4) biome=Savanna
[GRASS-DIAG] Chunk setup: 3000 instances, mesh=grass_01_1, mat=M_grass_01, supportsInstancing=True
[ChunkManager] Server chunk loaded: (-1,-3) biome=Savanna
[GRASS-DIAG] Chunk setup: 3000 instances, mesh=grass_01_1, mat=M_grass_01, supportsInstancing=True
[ChunkManager] Server chunk loaded: (-1,-2) biome=Savanna
[GRASS-DIAG] Chunk setup: 3000 instances, mesh=grass_01_1, mat=M_grass_01, supportsInstancing=True
[ChunkManager] Server chunk loaded: (-1,-1) biome=Savanna
[GRASS-DIAG] Chunk setup: 3000 instances, mesh=grass_01_1, mat=M_grass_01, supportsInstancing=True
[ChunkManager] Server chunk loaded: (-1,0) biome=Savanna
[GRASS-DIAG] Chunk setup: 3000 instances, mesh=grass_01_1, mat=M_grass_01, supportsInstancing=True
[ChunkManager] Server chunk loaded: (-1,1) biome=Savanna
[ChunkManager] Server chunk loaded: (-1,2) biome=Desert
[ChunkManager] Server chunk loaded: (-1,3) biome=Desert
[ChunkManager] Server chunk loaded: (-1,4) biome=Desert
[ChunkManager] Server chunk loaded: (-1,5) biome=Desert
[GRASS-DIAG] Chunk setup: 3000 instances, mesh=grass_01_1, mat=M_grass_01, supportsInstancing=True
[ChunkManager] Server chunk loaded: (0,-5) biome=Savanna
[GRASS-DIAG] Chunk setup: 3000 instances, mesh=grass_01_1, mat=M_grass_01, supportsInstancing=True
[ChunkManager] Server chunk loaded: (0,-4) biome=Savanna
[GRASS-DIAG] Chunk setup: 3000 instances, mesh=grass_01_1, mat=M_grass_01, supportsInstancing=True
[ChunkManager] Server chunk loaded: (0,-3) biome=Savanna
[GRASS-DIAG] Chunk setup: 3000 instances, mesh=grass_01_1, mat=M_grass_01, supportsInstancing=True
[ChunkManager] Server chunk loaded: (0,-2) biome=Savanna
[GRASS-DIAG] Chunk setup: 3000 instances, mesh=grass_01_1, mat=M_grass_01, supportsInstancing=True
[ChunkManager] Server chunk loaded: (0,-1) biome=Savanna
[GRASS-DIAG] Chunk setup: 3000 instances, mesh=grass_01_1, mat=M_grass_01, supportsInstancing=True
[ChunkManager] Server chunk loaded: (0,0) biome=Savanna
[WorldBootstrap] FPS camera following Player
[REGISTER-DIAG] SimplePlayerController found — MoveSendLoop starting.
[WorldBootstrap] Server-mode spawn complete. seed=18623, spawn=(128.00, 93.80, 128.00), biome=Savanna
[GRASS-DIAG] Chunk setup: 3000 instances, mesh=grass_01_1, mat=M_grass_01, supportsInstancing=True
[ChunkManager] Server chunk loaded: (0,1) biome=Savanna
Setting linear velocity of a kinematic body is not supported.
Setting linear velocity of a kinematic body is not supported.
Setting linear velocity of a kinematic body is not supported.
Setting linear velocity of a kinematic body is not supported.
Setting linear velocity of a kinematic body is not supported.
Setting linear velocity of a kinematic body is not supported.
Setting linear velocity of a kinematic body is not supported.
Setting linear velocity of a kinematic body is not supported.
Setting linear velocity of a kinematic body is not supported.
[ConnectionManager] Hard desync recover: 181.0m horizontal drift, snapping to server pose.
Setting linear velocity of a kinematic body is not supported.
[CHUNKMGR-DIAG] Boundary cross: (-2147483648,0) -> (0,0), ServerMode=True, loaded=62
Setting linear velocity of a kinematic body is not supported.
[ConnectionManager] Hard desync recover: 181.0m horizontal drift, snapping to server pose.
Setting linear velocity of a kinematic body is not supported.
[GRASS-DIAG] Chunk setup: 3000 instances, mesh=grass_01_1, mat=M_grass_01, supportsInstancing=True
[ChunkManager] Server chunk loaded: (0,2) biome=Savanna
Setting linear velocity of a kinematic body is not supported.
Setting linear velocity of a kinematic body is not supported.
Setting linear velocity of a kinematic body is not supported.
Setting linear velocity of a kinematic body is not supported.
Setting linear velocity of a kinematic body is not supported.
Setting linear velocity of a kinematic body is not supported.
Setting linear velocity of a kinematic body is not supported.
Setting linear velocity of a kinematic body is not supported.
Setting linear velocity of a kinematic body is not supported.
[ConnectionManager] Hard desync recover: 181.0m horizontal drift, snapping to server pose.
Setting linear velocity of a kinematic body is not supported.
Setting linear velocity of a kinematic body is not supported.
[ChunkManager] Server chunk loaded: (0,3) biome=Desert
[ChunkManager] Server chunk loaded: (0,4) biome=Desert
[ChunkManager] Server chunk loaded: (0,5) biome=Desert
Setting linear velocity of a kinematic body is not supported.
[GRASS-DIAG] Chunk setup: 3000 instances, mesh=grass_01_1, mat=M_grass_01, supportsInstancing=True
[ChunkManager] Server chunk loaded: (1,-5) biome=Savanna
Setting linear velocity of a kinematic body is not supported.
Setting linear velocity of a kinematic body is not supported.
Setting linear velocity of a kinematic body is not supported.
Setting linear velocity of a kinematic body is not supported.
Setting linear velocity of a kinematic body is not supported.
Setting linear velocity of a kinematic body is not supported.
Setting linear velocity of a kinematic body is not supported.
Setting linear velocity of a kinematic body is not supported.
[ConnectionManager] Hard desync recover: 181.0m horizontal drift, snapping to server pose.
Setting linear velocity of a kinematic body is not supported.
Setting linear velocity of a kinematic body is not supported.
[GRASS-DIAG] Chunk setup: 3000 instances, mesh=grass_01_1, mat=M_grass_01, supportsInstancing=True
[ChunkManager] Server chunk loaded: (1,-4) biome=Savanna
Setting linear velocity of a kinematic body is not supported.
Setting linear velocity of a kinematic body is not supported.
Setting linear velocity of a kinematic body is not supported.
Setting linear velocity of a kinematic body is not supported.
Setting linear velocity of a kinematic body is not supported.
Setting linear velocity of a kinematic body is not supported.
Setting linear velocity of a kinematic body is not supported.
Setting linear velocity of a kinematic body is not supported.
[ConnectionManager] Hard desync recover: 181.0m horizontal drift, snapping to server pose.
Setting linear velocity of a kinematic body is not supported.
[WorldBootstrap] Player physics enabled after 0.30s chunk-wait + 0.00s raycast-wait.
[GRASS-DIAG] Chunk setup: 3000 instances, mesh=grass_01_1, mat=M_grass_01, supportsInstancing=True
[ChunkManager] Server chunk loaded: (1,-3) biome=Savanna
[ConnectionManager] Hard desync recover: 181.0m horizontal drift, snapping to server pose.
[GRASS-DIAG] Chunk setup: 3000 instances, mesh=grass_01_1, mat=M_grass_01, supportsInstancing=True
[ChunkManager] Server chunk loaded: (1,-2) biome=Savanna
[HITCH-DIAG] dt=66.9ms t=6.56
[GRASS-DIAG] Chunk setup: 3000 instances, mesh=grass_01_1, mat=M_grass_01, supportsInstancing=True
[ChunkManager] Server chunk loaded: (1,-1) biome=Savanna
[HITCH-DIAG] dt=68.1ms t=6.63
[GRASS-DIAG] Chunk setup: 3000 instances, mesh=grass_01_1, mat=M_grass_01, supportsInstancing=True
[ChunkManager] Server chunk loaded: (1,0) biome=Savanna
[HITCH-DIAG] dt=68.2ms t=6.71
[GRASS-DIAG] Chunk setup: 3000 instances, mesh=grass_01_1, mat=M_grass_01, supportsInstancing=True
[ChunkManager] Server chunk loaded: (1,1) biome=Savanna
[HITCH-DIAG] dt=68.7ms t=6.78
[GRASS-DIAG] Chunk setup: 3000 instances, mesh=grass_01_1, mat=M_grass_01, supportsInstancing=True
[ChunkManager] Server chunk loaded: (1,2) biome=Savanna
[HITCH-DIAG] dt=68.1ms t=6.86
[GRASS-DIAG] Chunk setup: 3000 instances, mesh=grass_01_1, mat=M_grass_01, supportsInstancing=True
[ChunkManager] Server chunk loaded: (1,3) biome=Savanna
[HITCH-DIAG] dt=68.0ms t=6.94
[ChunkManager] Server chunk loaded: (1,4) biome=Desert
[ChunkManager] Server chunk loaded: (1,5) biome=Desert
[GRASS-DIAG] Chunk setup: 3000 instances, mesh=grass_01_1, mat=M_grass_01, supportsInstancing=True
[ChunkManager] Server chunk loaded: (2,-5) biome=Savanna
[HITCH-DIAG] dt=68.6ms t=7.02
[GRASS-DIAG] Chunk setup: 3000 instances, mesh=grass_01_1, mat=M_grass_01, supportsInstancing=True
[ChunkManager] Server chunk loaded: (2,-4) biome=Savanna
[HITCH-DIAG] dt=76.2ms t=7.11
[GRASS-DIAG] Chunk setup: 3000 instances, mesh=grass_01_1, mat=M_grass_01, supportsInstancing=True
[ChunkManager] Server chunk loaded: (2,-3) biome=Savanna
[HITCH-DIAG] dt=69.0ms t=7.18
[GRASS-DIAG] Chunk setup: 3000 instances, mesh=grass_01_1, mat=M_grass_01, supportsInstancing=True
[ChunkManager] Server chunk loaded: (2,-2) biome=Savanna
[HITCH-DIAG] dt=68.1ms t=7.25
[GRASS-DIAG] Chunk setup: 3000 instances, mesh=grass_01_1, mat=M_grass_01, supportsInstancing=True
[ChunkManager] Server chunk loaded: (2,-1) biome=Savanna
[HITCH-DIAG] dt=67.3ms t=7.33
[GRASS-DIAG] Chunk setup: 3000 instances, mesh=grass_01_1, mat=M_grass_01, supportsInstancing=True
[ChunkManager] Server chunk loaded: (2,0) biome=Savanna
[HITCH-DIAG] dt=68.3ms t=7.41
[GRASS-DIAG] Chunk setup: 3000 instances, mesh=grass_01_1, mat=M_grass_01, supportsInstancing=True
[ChunkManager] Server chunk loaded: (2,1) biome=Savanna
[HITCH-DIAG] dt=66.5ms t=7.48
[GRASS-DIAG] Chunk setup: 3000 instances, mesh=grass_01_1, mat=M_grass_01, supportsInstancing=True
[ChunkManager] Server chunk loaded: (2,2) biome=Savanna
[HITCH-DIAG] dt=68.8ms t=7.55
[GRASS-DIAG] Chunk setup: 3000 instances, mesh=grass_01_1, mat=M_grass_01, supportsInstancing=True
[ChunkManager] Server chunk loaded: (2,3) biome=Savanna
[HITCH-DIAG] dt=67.9ms t=7.62
[GRASS-DIAG] Chunk setup: 3000 instances, mesh=grass_01_1, mat=M_grass_01, supportsInstancing=True
[ChunkManager] Server chunk loaded: (2,4) biome=Savanna
[HITCH-DIAG] dt=67.6ms t=7.70
[ChunkManager] Server chunk loaded: (2,5) biome=Desert
[GRASS-DIAG] Chunk setup: 3000 instances, mesh=grass_01_1, mat=M_grass_01, supportsInstancing=True
[ChunkManager] Server chunk loaded: (3,-5) biome=TropicalRainforest
[HITCH-DIAG] dt=67.7ms t=7.77
[GRASS-DIAG] Chunk setup: 3000 instances, mesh=grass_01_1, mat=M_grass_01, supportsInstancing=True
[ChunkManager] Server chunk loaded: (3,-4) biome=Savanna
[HITCH-DIAG] dt=68.3ms t=7.85
[GRASS-DIAG] Chunk setup: 3000 instances, mesh=grass_01_1, mat=M_grass_01, supportsInstancing=True
[ChunkManager] Server chunk loaded: (3,-3) biome=Savanna
[HITCH-DIAG] dt=68.3ms t=7.93
[GRASS-DIAG] Chunk setup: 3000 instances, mesh=grass_01_1, mat=M_grass_01, supportsInstancing=True
[ChunkManager] Server chunk loaded: (3,-2) biome=Savanna
[HITCH-DIAG] dt=68.4ms t=8.01
[GRASS-DIAG] Chunk setup: 3000 instances, mesh=grass_01_1, mat=M_grass_01, supportsInstancing=True
[ChunkManager] Server chunk loaded: (3,-1) biome=Savanna
[HITCH-DIAG] dt=68.3ms t=8.09
[GRASS-DIAG] Chunk setup: 3000 instances, mesh=grass_01_1, mat=M_grass_01, supportsInstancing=True
[ChunkManager] Server chunk loaded: (3,0) biome=Savanna
[HITCH-DIAG] dt=67.8ms t=8.16
[GRASS-DIAG] Chunk setup: 3000 instances, mesh=grass_01_1, mat=M_grass_01, supportsInstancing=True
[ChunkManager] Server chunk loaded: (3,1) biome=Savanna
[HITCH-DIAG] dt=68.4ms t=8.23
[GRASS-DIAG] Chunk setup: 3000 instances, mesh=grass_01_1, mat=M_grass_01, supportsInstancing=True
[ChunkManager] Server chunk loaded: (3,2) biome=Savanna
[HITCH-DIAG] dt=69.5ms t=8.31
[GRASS-DIAG] Chunk setup: 3000 instances, mesh=grass_01_1, mat=M_grass_01, supportsInstancing=True
[ChunkManager] Server chunk loaded: (3,3) biome=Savanna
[HITCH-DIAG] dt=69.6ms t=8.40
[GRASS-DIAG] Chunk setup: 3000 instances, mesh=grass_01_1, mat=M_grass_01, supportsInstancing=True
[ChunkManager] Server chunk loaded: (3,4) biome=Savanna
[HITCH-DIAG] dt=74.8ms t=8.48
[GRASS-DIAG] Chunk setup: 3000 instances, mesh=grass_01_1, mat=M_grass_01, supportsInstancing=True
[ChunkManager] Server chunk loaded: (3,5) biome=Savanna
[HITCH-DIAG] dt=68.8ms t=8.55
[GRASS-DIAG] Chunk setup: 3000 instances, mesh=grass_01_1, mat=M_grass_01, supportsInstancing=True
[ChunkManager] Server chunk loaded: (4,-5) biome=TropicalRainforest
[HITCH-DIAG] dt=69.6ms t=8.63
[GRASS-DIAG] Chunk setup: 3000 instances, mesh=grass_01_1, mat=M_grass_01, supportsInstancing=True
[ChunkManager] Server chunk loaded: (4,-4) biome=TropicalRainforest
[HITCH-DIAG] dt=69.8ms t=8.70
[GRASS-DIAG] Chunk setup: 3000 instances, mesh=grass_01_1, mat=M_grass_01, supportsInstancing=True
[ChunkManager] Server chunk loaded: (4,-3) biome=Savanna
[HITCH-DIAG] dt=70.4ms t=8.78
[GRASS-DIAG] Chunk setup: 3000 instances, mesh=grass_01_1, mat=M_grass_01, supportsInstancing=True
[ChunkManager] Server chunk loaded: (4,-2) biome=Savanna
[HITCH-DIAG] dt=67.8ms t=8.86
[GRASS-DIAG] Chunk setup: 3000 instances, mesh=grass_01_1, mat=M_grass_01, supportsInstancing=True
[ChunkManager] Server chunk loaded: (4,-1) biome=Savanna
[HITCH-DIAG] dt=68.5ms t=8.94
[GRASS-DIAG] Chunk setup: 3000 instances, mesh=grass_01_1, mat=M_grass_01, supportsInstancing=True
[ChunkManager] Server chunk loaded: (4,0) biome=Savanna
[HITCH-DIAG] dt=70.3ms t=9.02
[GRASS-DIAG] Chunk setup: 3000 instances, mesh=grass_01_1, mat=M_grass_01, supportsInstancing=True
[ChunkManager] Server chunk loaded: (4,1) biome=Savanna
[HITCH-DIAG] dt=70.0ms t=9.10
[GRASS-DIAG] Chunk setup: 3000 instances, mesh=grass_01_1, mat=M_grass_01, supportsInstancing=True
[ChunkManager] Server chunk loaded: (4,2) biome=Savanna
[HITCH-DIAG] dt=67.6ms t=9.18
[GRASS-DIAG] Chunk setup: 3000 instances, mesh=grass_01_1, mat=M_grass_01, supportsInstancing=True
[ChunkManager] Server chunk loaded: (4,3) biome=Savanna
[HITCH-DIAG] dt=70.1ms t=9.26
[GRASS-DIAG] Chunk setup: 3000 instances, mesh=grass_01_1, mat=M_grass_01, supportsInstancing=True
[ChunkManager] Server chunk loaded: (4,4) biome=Savanna
[HITCH-DIAG] dt=70.6ms t=9.33
[GRASS-DIAG] Chunk setup: 3000 instances, mesh=grass_01_1, mat=M_grass_01, supportsInstancing=True
[ChunkManager] Server chunk loaded: (4,5) biome=Savanna
[HITCH-DIAG] dt=71.9ms t=9.41
[GRASS-DIAG] Chunk setup: 3000 instances, mesh=grass_01_1, mat=M_grass_01, supportsInstancing=True
[ChunkManager] Server chunk loaded: (5,-5) biome=TropicalRainforest
[HITCH-DIAG] dt=68.1ms t=9.48
[GRASS-DIAG] Chunk setup: 3000 instances, mesh=grass_01_1, mat=M_grass_01, supportsInstancing=True
[ChunkManager] Server chunk loaded: (5,-4) biome=TropicalRainforest
[HITCH-DIAG] dt=67.5ms t=9.56
[GRASS-DIAG] Chunk setup: 3000 instances, mesh=grass_01_1, mat=M_grass_01, supportsInstancing=True
[ChunkManager] Server chunk loaded: (5,-3) biome=TropicalRainforest
[HITCH-DIAG] dt=69.5ms t=9.63
[GRASS-DIAG] Chunk setup: 3000 instances, mesh=grass_01_1, mat=M_grass_01, supportsInstancing=True
[ChunkManager] Server chunk loaded: (5,-2) biome=Savanna
[INPUT-DIAG] edge: h=0 v=1 focused=True cursorLocked=Locked
[CHUNKMGR-DIAG] Boundary cross: (0,0) -> (-1,0), ServerMode=True, loaded=114
[HITCH-DIAG] dt=67.3ms t=9.71
[SEND-DIAG] MoveInput edge: x=0 z=1 loggedIn=True
[GRASS-DIAG] Chunk setup: 3000 instances, mesh=grass_01_1, mat=M_grass_01, supportsInstancing=True
[ChunkManager] Server chunk loaded: (5,-1) biome=Savanna
[HITCH-DIAG] dt=67.7ms t=9.79
[GRASS-DIAG] Chunk setup: 3000 instances, mesh=grass_01_1, mat=M_grass_01, supportsInstancing=True
[ChunkManager] Server chunk loaded: (5,0) biome=Savanna
[HITCH-DIAG] dt=66.6ms t=9.86
[GRASS-DIAG] Chunk setup: 3000 instances, mesh=grass_01_1, mat=M_grass_01, supportsInstancing=True
[ChunkManager] Server chunk loaded: (5,1) biome=Savanna
[HITCH-DIAG] dt=67.7ms t=9.94
[GRASS-DIAG] Chunk setup: 3000 instances, mesh=grass_01_1, mat=M_grass_01, supportsInstancing=True
[ChunkManager] Server chunk loaded: (5,2) biome=Savanna
[HITCH-DIAG] dt=68.4ms t=10.02
[GRASS-DIAG] Chunk setup: 3000 instances, mesh=grass_01_1, mat=M_grass_01, supportsInstancing=True
[ChunkManager] Server chunk loaded: (5,3) biome=Savanna
[HITCH-DIAG] dt=68.0ms t=10.09
[GRASS-DIAG] Chunk setup: 3000 instances, mesh=grass_01_1, mat=M_grass_01, supportsInstancing=True
[ChunkManager] Server chunk loaded: (5,4) biome=Savanna
[HITCH-DIAG] dt=73.7ms t=10.17
[GRASS-DIAG] Chunk setup: 3000 instances, mesh=grass_01_1, mat=M_grass_01, supportsInstancing=True
[ChunkManager] Server chunk loaded: (5,5) biome=Savanna
[HITCH-DIAG] dt=71.3ms t=10.25
[GRASS-DIAG] Chunk setup: 3000 instances, mesh=grass_01_1, mat=M_grass_01, supportsInstancing=True
[ChunkManager] Server chunk loaded: (-6,-5) biome=Savanna
[HITCH-DIAG] dt=69.4ms t=10.32
[GRASS-DIAG] Chunk setup: 3000 instances, mesh=grass_01_1, mat=M_grass_01, supportsInstancing=True
[ChunkManager] Server chunk loaded: (-6,-4) biome=Savanna
[HITCH-DIAG] dt=67.2ms t=10.40
[ChunkManager] Server chunk loaded: (-6,-3) biome=Desert
[ChunkManager] Server chunk loaded: (-6,-2) biome=Desert
[ChunkManager] Server chunk loaded: (-6,-1) biome=Desert
[ChunkManager] Server chunk loaded: (-6,0) biome=Desert
[ChunkManager] Server chunk loaded: (-6,1) biome=Desert
[ChunkManager] Server chunk loaded: (-6,2) biome=Desert
[ChunkManager] Server chunk loaded: (-6,3) biome=Desert
[ChunkManager] Server chunk loaded: (-6,4) biome=Desert
[ChunkManager] Server chunk loaded: (-6,5) biome=Desert
[ChunkManager] Server chunk loaded: (-6,6) biome=Desert
[ChunkManager] Server chunk loaded: (-5,6) biome=Desert
[ChunkManager] Server chunk loaded: (-4,6) biome=Desert
[ChunkManager] Server chunk loaded: (-3,6) biome=Desert
[ChunkManager] Server chunk loaded: (-2,6) biome=Desert
[ChunkManager] Server chunk loaded: (-1,6) biome=Desert
[ChunkManager] Server chunk loaded: (0,6) biome=Desert
[ChunkManager] Server chunk loaded: (1,6) biome=Desert
[ChunkManager] Server chunk loaded: (2,6) biome=Desert
[ChunkManager] Server chunk loaded: (3,6) biome=Desert
[GRASS-DIAG] Chunk setup: 3000 instances, mesh=grass_01_1, mat=M_grass_01, supportsInstancing=True
[ChunkManager] Server chunk loaded: (4,6) biome=Savanna
[HITCH-DIAG] dt=67.4ms t=28.06
[CHUNKMGR-DIAG] Boundary cross: (-1,0) -> (-1,1), ServerMode=True, loaded=143
[ChunkManager] Server chunk loaded: (-6,7) biome=Desert
[ChunkManager] Server chunk loaded: (-5,7) biome=Desert
[ChunkManager] Server chunk loaded: (-4,7) biome=Desert
[ChunkManager] Server chunk loaded: (-3,7) biome=Desert
[ChunkManager] Server chunk loaded: (-2,7) biome=Desert
[ChunkManager] Server chunk loaded: (-1,7) biome=Desert
[ChunkManager] Server chunk loaded: (0,7) biome=Desert
[ChunkManager] Server chunk loaded: (1,7) biome=Desert
[ChunkManager] Server chunk loaded: (2,7) biome=Desert
[ChunkManager] Server chunk loaded: (3,7) biome=Desert
[GRASS-DIAG] Chunk setup: 3000 instances, mesh=grass_01_1, mat=M_grass_01, supportsInstancing=True
[ChunkManager] Server chunk loaded: (4,7) biome=Savanna
[HITCH-DIAG] dt=66.3ms t=44.45
[CHUNKMGR-DIAG] Boundary cross: (-1,1) -> (-1,2), ServerMode=True, loaded=154
[ChunkManager] Server chunk loaded: (-6,8) biome=Desert
[ChunkManager] Server chunk loaded: (-5,8) biome=Desert
[ChunkManager] Server chunk loaded: (-4,8) biome=Desert
[ChunkManager] Server chunk loaded: (-3,8) biome=Desert
[ChunkManager] Server chunk loaded: (-2,8) biome=Desert
[ChunkManager] Server chunk loaded: (-1,8) biome=Desert
[ChunkManager] Server chunk loaded: (0,8) biome=Desert
[ChunkManager] Server chunk loaded: (1,8) biome=Desert
[ChunkManager] Server chunk loaded: (2,8) biome=Desert
[ChunkManager] Server chunk loaded: (3,8) biome=Desert
[ChunkManager] Server chunk loaded: (4,8) biome=Desert
[CHUNKMGR-DIAG] Boundary cross: (-1,2) -> (-1,3), ServerMode=True, loaded=165
[ChunkManager] Server chunk loaded: (-6,9) biome=Desert
[ChunkManager] Server chunk loaded: (-5,9) biome=Desert
[ChunkManager] Server chunk loaded: (-4,9) biome=Desert
[ChunkManager] Server chunk loaded: (-3,9) biome=Desert
[ChunkManager] Server chunk loaded: (-2,9) biome=Desert
[ChunkManager] Server chunk loaded: (-1,9) biome=Desert
[ChunkManager] Server chunk loaded: (0,9) biome=Desert
[ChunkManager] Server chunk loaded: (1,9) biome=Desert
[ChunkManager] Server chunk loaded: (2,9) biome=Desert
[ChunkManager] Server chunk loaded: (3,9) biome=Desert
[ChunkManager] Server chunk loaded: (4,9) biome=Desert
[CHUNKMGR-DIAG] Boundary cross: (-1,3) -> (-1,4), ServerMode=True, loaded=176
[ChunkManager] Server chunk loaded: (-6,10) biome=Desert
[ChunkManager] Server chunk loaded: (-5,10) biome=Desert
[ChunkManager] Server chunk loaded: (-4,10) biome=Desert
[ChunkManager] Server chunk loaded: (-3,10) biome=Desert
[ChunkManager] Server chunk loaded: (-2,10) biome=Desert
[ChunkManager] Server chunk loaded: (-1,10) biome=Desert
[ChunkManager] Server chunk loaded: (0,10) biome=Desert
[ChunkManager] Server chunk loaded: (1,10) biome=Desert
[ChunkManager] Server chunk loaded: (2,10) biome=Desert
[ChunkManager] Server chunk loaded: (3,10) biome=Desert
[ChunkManager] Server chunk loaded: (4,10) biome=Desert
[CHUNKMGR-DIAG] Boundary cross: (-1,4) -> (-1,5), ServerMode=True, loaded=187
